{"C:\\Users\\HOME\\Desktop\\udem\\septimoSemestre\\validacionYVerificacion\\CrudEstudiantes\\app.js": {"path":"C:\\Users\\HOME\\Desktop\\udem\\septimoSemestre\\validacionYVerificacion\\CrudEstudiantes\\app.js","statementMap":{"0":{"start":{"line":1,"column":16},"end":{"line":1,"column":34}},"1":{"start":{"line":2,"column":19},"end":{"line":2,"column":41}},"2":{"start":{"line":3,"column":13},"end":{"line":3,"column":28}},"3":{"start":{"line":4,"column":13},"end":{"line":4,"column":51}},"4":{"start":{"line":5,"column":12},"end":{"line":5,"column":21}},"5":{"start":{"line":6,"column":0},"end":{"line":6,"column":27}},"6":{"start":{"line":7,"column":0},"end":{"line":7,"column":16}},"7":{"start":{"line":8,"column":0},"end":{"line":8,"column":22}},"8":{"start":{"line":9,"column":15},"end":{"line":9,"column":19}},"9":{"start":{"line":10,"column":0},"end":{"line":10,"column":19}},"10":{"start":{"line":11,"column":0},"end":{"line":11,"column":18}}},"fnMap":{},"branchMap":{},"s":{"0":1,"1":1,"2":1,"3":1,"4":1,"5":1,"6":1,"7":1,"8":1,"9":1,"10":1},"f":{},"b":{},"_coverageSchema":"1a1c01bbd47fc00a2c39e90264f33305004495a9","hash":"b0fb0520bc36f52f588a83ce075dbb1436df7dd7"}
,"C:\\Users\\HOME\\Desktop\\udem\\septimoSemestre\\validacionYVerificacion\\CrudEstudiantes\\controllers\\mongo.js": {"path":"C:\\Users\\HOME\\Desktop\\udem\\septimoSemestre\\validacionYVerificacion\\CrudEstudiantes\\controllers\\mongo.js","statementMap":{"0":{"start":{"line":1,"column":34},"end":{"line":1,"column":52}},"1":{"start":{"line":2,"column":22},"end":{"line":2,"column":53}},"2":{"start":{"line":3,"column":19},"end":{"line":3,"column":50}},"3":{"start":{"line":5,"column":12},"end":{"line":5,"column":108}},"4":{"start":{"line":7,"column":20},"end":{"line":7,"column":40}},"5":{"start":{"line":8,"column":11},"end":{"line":8,"column":40}},"6":{"start":{"line":10,"column":21},"end":{"line":13,"column":1}},"7":{"start":{"line":11,"column":19},"end":{"line":11,"column":47}},"8":{"start":{"line":12,"column":4},"end":{"line":12,"column":17}},"9":{"start":{"line":15,"column":31},"end":{"line":19,"column":1}},"10":{"start":{"line":17,"column":19},"end":{"line":17,"column":51}},"11":{"start":{"line":18,"column":4},"end":{"line":18,"column":17}},"12":{"start":{"line":29,"column":23},"end":{"line":33,"column":1}},"13":{"start":{"line":30,"column":21},"end":{"line":30,"column":40}},"14":{"start":{"line":31,"column":19},"end":{"line":31,"column":42}},"15":{"start":{"line":32,"column":4},"end":{"line":32,"column":17}},"16":{"start":{"line":35,"column":27},"end":{"line":40,"column":1}},"17":{"start":{"line":36,"column":23},"end":{"line":36,"column":52}},"18":{"start":{"line":37,"column":4},"end":{"line":37,"column":19}},"19":{"start":{"line":38,"column":19},"end":{"line":38,"column":67}},"20":{"start":{"line":39,"column":4},"end":{"line":39,"column":17}},"21":{"start":{"line":42,"column":27},"end":{"line":46,"column":1}},"22":{"start":{"line":43,"column":23},"end":{"line":43,"column":52}},"23":{"start":{"line":44,"column":19},"end":{"line":44,"column":62}},"24":{"start":{"line":45,"column":4},"end":{"line":45,"column":17}},"25":{"start":{"line":48,"column":0},"end":{"line":48,"column":113}}},"fnMap":{"0":{"name":"(anonymous_0)","decl":{"start":{"line":10,"column":21},"end":{"line":10,"column":22}},"loc":{"start":{"line":10,"column":47},"end":{"line":13,"column":1}},"line":10},"1":{"name":"(anonymous_1)","decl":{"start":{"line":15,"column":31},"end":{"line":15,"column":32}},"loc":{"start":{"line":15,"column":65},"end":{"line":19,"column":1}},"line":15},"2":{"name":"(anonymous_2)","decl":{"start":{"line":29,"column":23},"end":{"line":29,"column":24}},"loc":{"start":{"line":29,"column":55},"end":{"line":33,"column":1}},"line":29},"3":{"name":"(anonymous_3)","decl":{"start":{"line":35,"column":27},"end":{"line":35,"column":28}},"loc":{"start":{"line":35,"column":67},"end":{"line":40,"column":1}},"line":35},"4":{"name":"(anonymous_4)","decl":{"start":{"line":42,"column":27},"end":{"line":42,"column":28}},"loc":{"start":{"line":42,"column":57},"end":{"line":46,"column":1}},"line":42}},"branchMap":{},"s":{"0":1,"1":1,"2":1,"3":1,"4":1,"5":1,"6":1,"7":1,"8":1,"9":1,"10":1,"11":1,"12":1,"13":1,"14":1,"15":1,"16":1,"17":0,"18":0,"19":0,"20":0,"21":1,"22":0,"23":0,"24":0,"25":1},"f":{"0":1,"1":1,"2":1,"3":0,"4":0},"b":{},"_coverageSchema":"1a1c01bbd47fc00a2c39e90264f33305004495a9","hash":"73612f13688ea05591045f6efd0ec519f26d9b4b"}
,"C:\\Users\\HOME\\Desktop\\udem\\septimoSemestre\\validacionYVerificacion\\CrudEstudiantes\\models\\estudiante.js": {"path":"C:\\Users\\HOME\\Desktop\\udem\\septimoSemestre\\validacionYVerificacion\\CrudEstudiantes\\models\\estudiante.js","statementMap":{"0":{"start":{"line":1,"column":17},"end":{"line":1,"column":36}},"1":{"start":{"line":2,"column":17},"end":{"line":2,"column":25}},"2":{"start":{"line":4,"column":22},"end":{"line":21,"column":2}},"3":{"start":{"line":23,"column":0},"end":{"line":23,"column":61}}},"fnMap":{},"branchMap":{},"s":{"0":1,"1":1,"2":1,"3":1},"f":{},"b":{},"_coverageSchema":"1a1c01bbd47fc00a2c39e90264f33305004495a9","hash":"f26680137ad6c5412d1565c40218ace9f7f7b26c"}
,"C:\\Users\\HOME\\Desktop\\udem\\septimoSemestre\\validacionYVerificacion\\CrudEstudiantes\\routers\\estudiante.router.js": {"path":"C:\\Users\\HOME\\Desktop\\udem\\septimoSemestre\\validacionYVerificacion\\CrudEstudiantes\\routers\\estudiante.router.js","statementMap":{"0":{"start":{"line":1,"column":16},"end":{"line":1,"column":34}},"1":{"start":{"line":2,"column":103},"end":{"line":2,"column":134}},"2":{"start":{"line":3,"column":15},"end":{"line":3,"column":31}},"3":{"start":{"line":5,"column":0},"end":{"line":12,"column":3}},"4":{"start":{"line":6,"column":16},"end":{"line":6,"column":49}},"5":{"start":{"line":7,"column":4},"end":{"line":11,"column":6}},"6":{"start":{"line":15,"column":0},"end":{"line":23,"column":3}},"7":{"start":{"line":16,"column":28},"end":{"line":16,"column":36}},"8":{"start":{"line":17,"column":19},"end":{"line":17,"column":70}},"9":{"start":{"line":18,"column":4},"end":{"line":22,"column":6}},"10":{"start":{"line":26,"column":0},"end":{"line":34,"column":3}},"11":{"start":{"line":27,"column":19},"end":{"line":27,"column":32}},"12":{"start":{"line":28,"column":19},"end":{"line":28,"column":71}},"13":{"start":{"line":29,"column":4},"end":{"line":33,"column":6}},"14":{"start":{"line":37,"column":0},"end":{"line":46,"column":3}},"15":{"start":{"line":38,"column":13},"end":{"line":38,"column":26}},"16":{"start":{"line":39,"column":15},"end":{"line":39,"column":23}},"17":{"start":{"line":40,"column":19},"end":{"line":40,"column":68}},"18":{"start":{"line":41,"column":4},"end":{"line":45,"column":6}},"19":{"start":{"line":49,"column":0},"end":{"line":57,"column":3}},"20":{"start":{"line":50,"column":17},"end":{"line":50,"column":30}},"21":{"start":{"line":51,"column":19},"end":{"line":51,"column":65}},"22":{"start":{"line":52,"column":4},"end":{"line":56,"column":6}},"23":{"start":{"line":58,"column":0},"end":{"line":58,"column":23}}},"fnMap":{"0":{"name":"(anonymous_0)","decl":{"start":{"line":5,"column":27},"end":{"line":5,"column":28}},"loc":{"start":{"line":5,"column":47},"end":{"line":12,"column":1}},"line":5},"1":{"name":"(anonymous_1)","decl":{"start":{"line":15,"column":28},"end":{"line":15,"column":29}},"loc":{"start":{"line":15,"column":48},"end":{"line":23,"column":1}},"line":15},"2":{"name":"(anonymous_2)","decl":{"start":{"line":26,"column":31},"end":{"line":26,"column":32}},"loc":{"start":{"line":26,"column":51},"end":{"line":34,"column":1}},"line":26},"3":{"name":"(anonymous_3)","decl":{"start":{"line":37,"column":31},"end":{"line":37,"column":32}},"loc":{"start":{"line":37,"column":51},"end":{"line":46,"column":1}},"line":37},"4":{"name":"(anonymous_4)","decl":{"start":{"line":49,"column":34},"end":{"line":49,"column":35}},"loc":{"start":{"line":49,"column":53},"end":{"line":57,"column":1}},"line":49}},"branchMap":{},"s":{"0":1,"1":1,"2":1,"3":1,"4":1,"5":1,"6":1,"7":1,"8":1,"9":1,"10":1,"11":1,"12":1,"13":1,"14":1,"15":0,"16":0,"17":0,"18":0,"19":1,"20":0,"21":0,"22":0,"23":1},"f":{"0":1,"1":1,"2":1,"3":0,"4":0},"b":{},"_coverageSchema":"1a1c01bbd47fc00a2c39e90264f33305004495a9","hash":"f10c1bdfdd3e4f98400c2b9c78edd2673175dca9"}
}
